<?xml version="1.0" encoding="UTF-8"?>
<testsuite xmlns:xsi="http://www.w3.org/2001/XMLSchema-instance" xsi:noNamespaceSchemaLocation="https://maven.apache.org/surefire/maven-surefire-plugin/xsd/surefire-test-report.xsd" name="lopezs20.AppTest" time="0.209" tests="8" errors="0" skipped="0" failures="0">
  <properties>
    <property name="sun.desktop" value="windows"/>
    <property name="awt.toolkit" value="sun.awt.windows.WToolkit"/>
    <property name="java.specification.version" value="11"/>
    <property name="sun.cpu.isalist" value="amd64"/>
    <property name="sun.jnu.encoding" value="Cp1252"/>
    <property name="java.class.path" value="C:\Users\Black\development\java\java_practice\example_practice\target\test-classes;C:\Users\Black\development\java\java_practice\example_practice\target\classes;C:\Users\Black\.m2\repository\junit\junit\4.11\junit-4.11.jar;C:\Users\Black\.m2\repository\org\hamcrest\hamcrest-core\1.3\hamcrest-core-1.3.jar;"/>
    <property name="java.vm.vendor" value="Eclipse Adoptium"/>
    <property name="sun.arch.data.model" value="64"/>
    <property name="user.variant" value=""/>
    <property name="java.vendor.url" value="https://adoptium.net/"/>
    <property name="user.timezone" value="America/Los_Angeles"/>
    <property name="java.vm.specification.version" value="11"/>
    <property name="os.name" value="Windows 10"/>
    <property name="sun.java.launcher" value="SUN_STANDARD"/>
    <property name="user.country" value="US"/>
    <property name="sun.boot.library.path" value="C:\Program Files\Eclipse Adoptium\jdk-11.0.14.101-hotspot\bin"/>
    <property name="sun.java.command" value="C:\Users\Black\AppData\Local\Temp\surefire4449576246959618445\surefirebooter11849476461435271460.jar C:\Users\Black\AppData\Local\Temp\surefire4449576246959618445 2022-08-10T21-30-43_735-jvmRun1 surefire2107397253499376832tmp surefire_017820744415335554542tmp"/>
    <property name="jdk.debug" value="release"/>
    <property name="surefire.test.class.path" value="C:\Users\Black\development\java\java_practice\example_practice\target\test-classes;C:\Users\Black\development\java\java_practice\example_practice\target\classes;C:\Users\Black\.m2\repository\junit\junit\4.11\junit-4.11.jar;C:\Users\Black\.m2\repository\org\hamcrest\hamcrest-core\1.3\hamcrest-core-1.3.jar;"/>
    <property name="sun.cpu.endian" value="little"/>
    <property name="user.home" value="C:\Users\Black"/>
    <property name="user.language" value="en"/>
    <property name="java.specification.vendor" value="Oracle Corporation"/>
    <property name="java.version.date" value="2022-02-08"/>
    <property name="java.home" value="C:\Program Files\Eclipse Adoptium\jdk-11.0.14.101-hotspot"/>
    <property name="file.separator" value="\"/>
    <property name="basedir" value="C:\Users\Black\development\java\java_practice\example_practice"/>
    <property name="java.vm.compressedOopsMode" value="Zero based"/>
    <property name="line.separator" value="&#10;"/>
    <property name="java.specification.name" value="Java Platform API Specification"/>
    <property name="java.vm.specification.vendor" value="Oracle Corporation"/>
    <property name="java.awt.graphicsenv" value="sun.awt.Win32GraphicsEnvironment"/>
    <property name="surefire.real.class.path" value="C:\Users\Black\AppData\Local\Temp\surefire4449576246959618445\surefirebooter11849476461435271460.jar"/>
    <property name="user.script" value=""/>
    <property name="sun.management.compiler" value="HotSpot 64-Bit Tiered Compilers"/>
    <property name="java.runtime.version" value="11.0.14.1+1"/>
    <property name="user.name" value="Black"/>
    <property name="path.separator" value=";"/>
    <property name="os.version" value="10.0"/>
    <property name="java.runtime.name" value="OpenJDK Runtime Environment"/>
    <property name="file.encoding" value="Cp1252"/>
    <property name="java.vm.name" value="OpenJDK 64-Bit Server VM"/>
    <property name="java.vendor.version" value="Temurin-11.0.14.1+1"/>
    <property name="localRepository" value="C:\Users\Black\.m2\repository"/>
    <property name="java.vendor.url.bug" value="https://github.com/adoptium/adoptium-support/issues"/>
    <property name="java.io.tmpdir" value="C:\Users\Black\AppData\Local\Temp\"/>
    <property name="java.version" value="11.0.14.1"/>
    <property name="user.dir" value="C:\Users\Black\development\java\java_practice\example_practice"/>
    <property name="os.arch" value="amd64"/>
    <property name="java.vm.specification.name" value="Java Virtual Machine Specification"/>
    <property name="java.awt.printerjob" value="sun.awt.windows.WPrinterJob"/>
    <property name="sun.os.patch.level" value=""/>
    <property name="java.library.path" value="C:\Program Files\Eclipse Adoptium\jdk-11.0.14.101-hotspot\bin;C:\Windows\Sun\Java\bin;C:\Windows\system32;C:\Windows;C:\Program Files (x86)\Common Files\Oracle\Java\javapath;C:\Program Files\Eclipse Adoptium\jdk-11.0.14.101-hotspot\bin;C:\Windows\system32;C:\Windows;C:\Windows\System32\Wbem;C:\Windows\System32\WindowsPowerShell\v1.0\;C:\Windows\System32\OpenSSH\;C:\Program Files (x86)\NVIDIA Corporation\PhysX\Common;C:\Program Files\NVIDIA Corporation\NVIDIA NvDLISR;C:\Program Files\Git\cmd;C:\Program Files\dotnet\;C:\Program Files\CMake\bin;C:\Program Files\opencv\build\x64\vc14\bin;C:\Program Files\opencv\build\x64\vc14\lib;C:\msys64\mingw64\bin;C:\Program Files\Eclipse Adoptium\jdk-11.0.14.101-hotspot\\bin;C:\Program Files (x86)\apache-maven-3.8.5\bin;C:\Program Files\nodejs\;C:\Program Files\7-Zip;C:\Users\Black\AppData\Local\Programs\Python\Python38;C:\Users\Black\AppData\Local\Programs\Python\Python38\Scripts;C:\Users\Black\AppData\Local\Programs\Microsoft VS Code\bin;%path$;C:\Users\Black\AppData\Local\atom\bin;C:\Users\Black\AppData\Roaming\npm;."/>
    <property name="java.vm.info" value="mixed mode"/>
    <property name="java.vendor" value="Eclipse Adoptium"/>
    <property name="java.vm.version" value="11.0.14.1+1"/>
    <property name="sun.io.unicode.encoding" value="UnicodeLittle"/>
    <property name="java.class.version" value="55.0"/>
  </properties>
  <testcase name="shouldPrintListOfVowels" classname="lopezs20.AppTest" time="0.013"/>
  <testcase name="shouldAddItemToMinStack" classname="lopezs20.AppTest" time="0.001"/>
  <testcase name="shouldBubbleSort" classname="lopezs20.AppTest" time="0.086"/>
  <testcase name="shouldInitalizeQuickSort" classname="lopezs20.AppTest" time="0.001"/>
  <testcase name="shouldPrintAnimationFromScheduler" classname="lopezs20.AppTest" time="0"/>
  <testcase name="shouldAddTwoItemsToMinStack" classname="lopezs20.AppTest" time="0"/>
  <testcase name="shouldPopTwoItemsFromMinStack" classname="lopezs20.AppTest" time="0"/>
  <testcase name="shouldInitializeMinStack" classname="lopezs20.AppTest" time="0"/>
</testsuite>